[2023-07-25 07:27:14] [INFO ] [restartedMain] [org.springframework.boot.StartupInfoLogger] [55] - Starting SrasApplication on YY-PC with PID 14664 (D:\Consiliuminc\IntelljWorkspace\PQA\MSSQL\SRAS\target\classes started by YY-PC in D:\Consiliuminc\IntelljWorkspace\PQA\MSSQL\SRAS)
[2023-07-25 07:27:14] [INFO ] [restartedMain] [org.springframework.boot.SpringApplication] [651] - No active profile set, falling back to default profiles: default
[2023-07-25 07:27:14] [INFO ] [restartedMain] [org.springframework.boot.logging.DeferredLog] [225] - The Class-Path manifest attribute in C:\Users\YY-PC\.m2\repository\org\glassfish\jaxb\jaxb-runtime\2.3.2\jaxb-runtime-2.3.2.jar referenced one or more files that do not exist: file:/C:/Users/YY-PC/.m2/repository/org/glassfish/jaxb/jaxb-runtime/2.3.2/jakarta.xml.bind-api-2.3.2.jar,file:/C:/Users/YY-PC/.m2/repository/org/glassfish/jaxb/jaxb-runtime/2.3.2/txw2-2.3.2.jar,file:/C:/Users/YY-PC/.m2/repository/org/glassfish/jaxb/jaxb-runtime/2.3.2/istack-commons-runtime-3.0.8.jar,file:/C:/Users/YY-PC/.m2/repository/org/glassfish/jaxb/jaxb-runtime/2.3.2/stax-ex-1.8.1.jar,file:/C:/Users/YY-PC/.m2/repository/org/glassfish/jaxb/jaxb-runtime/2.3.2/FastInfoset-1.2.16.jar,file:/C:/Users/YY-PC/.m2/repository/org/glassfish/jaxb/jaxb-runtime/2.3.2/jakarta.activation-api-1.2.1.jar
[2023-07-25 07:27:14] [INFO ] [restartedMain] [org.springframework.boot.logging.DeferredLog] [225] - Devtools property defaults active! Set 'spring.devtools.add-properties' to 'false' to disable
[2023-07-25 07:27:14] [INFO ] [restartedMain] [org.springframework.boot.logging.DeferredLog] [225] - For additional web related logging consider setting the 'logging.level.web' property to 'DEBUG'
[2023-07-25 07:27:15] [INFO ] [restartedMain] [org.springframework.data.repository.config.RepositoryConfigurationDelegate] [249] - Multiple Spring Data modules found, entering strict repository configuration mode!
[2023-07-25 07:27:15] [INFO ] [restartedMain] [org.springframework.data.repository.config.RepositoryConfigurationDelegate] [127] - Bootstrapping Spring Data JPA repositories in DEFAULT mode.
[2023-07-25 07:27:16] [INFO ] [restartedMain] [org.springframework.data.repository.config.RepositoryConfigurationDelegate] [187] - Finished Spring Data repository scanning in 146ms. Found 11 JPA repository interfaces.
[2023-07-25 07:27:16] [INFO ] [restartedMain] [org.springframework.data.repository.config.RepositoryConfigurationDelegate] [249] - Multiple Spring Data modules found, entering strict repository configuration mode!
[2023-07-25 07:27:16] [INFO ] [restartedMain] [org.springframework.data.repository.config.RepositoryConfigurationDelegate] [127] - Bootstrapping Spring Data JPA repositories in DEFAULT mode.
[2023-07-25 07:27:16] [INFO ] [restartedMain] [org.springframework.data.repository.config.RepositoryConfigurationDelegate] [187] - Finished Spring Data repository scanning in 66ms. Found 9 JPA repository interfaces.
[2023-07-25 07:27:17] [INFO ] [restartedMain] [com.ulisesbocchio.jasyptspringboot.configuration.EncryptablePropertySourceBeanFactoryPostProcessor] [69] - Created Encryptable Property Source 'EncryptedProperties' from locations: [classpath:persistence.properties]
[2023-07-25 07:27:17] [INFO ] [restartedMain] [com.ulisesbocchio.jasyptspringboot.configuration.EnableEncryptablePropertiesBeanFactoryPostProcessor] [50] - Post-processing PropertySource instances
[2023-07-25 07:27:17] [INFO ] [restartedMain] [com.ulisesbocchio.jasyptspringboot.EncryptablePropertySourceConverter] [39] - Converting PropertySource configurationProperties [org.springframework.boot.context.properties.source.ConfigurationPropertySourcesPropertySource] to AOP Proxy
[2023-07-25 07:27:17] [INFO ] [restartedMain] [com.ulisesbocchio.jasyptspringboot.EncryptablePropertySourceConverter] [39] - Converting PropertySource servletConfigInitParams [org.springframework.core.env.PropertySource$StubPropertySource] to EncryptablePropertySourceWrapper
[2023-07-25 07:27:17] [INFO ] [restartedMain] [com.ulisesbocchio.jasyptspringboot.EncryptablePropertySourceConverter] [39] - Converting PropertySource servletContextInitParams [org.springframework.core.env.PropertySource$StubPropertySource] to EncryptablePropertySourceWrapper
[2023-07-25 07:27:17] [INFO ] [restartedMain] [com.ulisesbocchio.jasyptspringboot.EncryptablePropertySourceConverter] [39] - Converting PropertySource systemProperties [org.springframework.core.env.PropertiesPropertySource] to EncryptableMapPropertySourceWrapper
[2023-07-25 07:27:17] [INFO ] [restartedMain] [com.ulisesbocchio.jasyptspringboot.EncryptablePropertySourceConverter] [39] - Converting PropertySource systemEnvironment [org.springframework.boot.env.SystemEnvironmentPropertySourceEnvironmentPostProcessor$OriginAwareSystemEnvironmentPropertySource] to EncryptableMapPropertySourceWrapper
[2023-07-25 07:27:17] [INFO ] [restartedMain] [com.ulisesbocchio.jasyptspringboot.EncryptablePropertySourceConverter] [39] - Converting PropertySource random [org.springframework.boot.env.RandomValuePropertySource] to EncryptablePropertySourceWrapper
[2023-07-25 07:27:17] [INFO ] [restartedMain] [com.ulisesbocchio.jasyptspringboot.EncryptablePropertySourceConverter] [39] - Converting PropertySource applicationConfig: [classpath:/application.properties] [org.springframework.boot.env.OriginTrackedMapPropertySource] to EncryptableMapPropertySourceWrapper
[2023-07-25 07:27:17] [INFO ] [restartedMain] [com.ulisesbocchio.jasyptspringboot.EncryptablePropertySourceConverter] [39] - Converting PropertySource applicationConfig: [classpath:/application.yml] [org.springframework.boot.env.OriginTrackedMapPropertySource] to EncryptableMapPropertySourceWrapper
[2023-07-25 07:27:17] [INFO ] [restartedMain] [com.ulisesbocchio.jasyptspringboot.EncryptablePropertySourceConverter] [39] - Converting PropertySource devtools [org.springframework.core.env.MapPropertySource] to EncryptableMapPropertySourceWrapper
[2023-07-25 07:27:17] [INFO ] [restartedMain] [com.ulisesbocchio.jasyptspringboot.EncryptablePropertySourceConverter] [39] - Converting PropertySource class path resource [persistence.properties] [org.springframework.core.env.CompositePropertySource] to EncryptableEnumerablePropertySourceWrapper
[2023-07-25 07:27:17] [INFO ] [restartedMain] [com.ulisesbocchio.jasyptspringboot.filter.DefaultLazyPropertyFilter] [31] - Property Filter custom Bean not found with name 'encryptablePropertyFilter'. Initializing Default Property Filter
[2023-07-25 07:27:17] [INFO ] [restartedMain] [com.ulisesbocchio.jasyptspringboot.resolver.DefaultLazyPropertyResolver] [31] - Property Resolver custom Bean not found with name 'encryptablePropertyResolver'. Initializing Default Property Resolver
[2023-07-25 07:27:17] [INFO ] [restartedMain] [com.ulisesbocchio.jasyptspringboot.detector.DefaultLazyPropertyDetector] [30] - Property Detector custom Bean not found with name 'encryptablePropertyDetector'. Initializing Default Property Detector
[2023-07-25 07:27:19] [INFO ] [restartedMain] [org.springframework.boot.web.embedded.tomcat.TomcatWebServer] [92] - Tomcat initialized with port(s): 8443 (https)
[2023-07-25 07:27:19] [INFO ] [restartedMain] [org.apache.juli.logging.DirectJDKLog] [173] - Initializing ProtocolHandler ["https-jsse-nio-8443"]
[2023-07-25 07:27:19] [INFO ] [restartedMain] [org.apache.juli.logging.DirectJDKLog] [173] - Starting service [Tomcat]
[2023-07-25 07:27:19] [INFO ] [restartedMain] [org.apache.juli.logging.DirectJDKLog] [173] - Starting Servlet engine: [Apache Tomcat/9.0.33]
[2023-07-25 07:27:19] [INFO ] [restartedMain] [org.apache.juli.logging.DirectJDKLog] [173] - Initializing Spring embedded WebApplicationContext
[2023-07-25 07:27:19] [INFO ] [restartedMain] [org.springframework.boot.web.servlet.context.ServletWebServerApplicationContext] [284] - Root WebApplicationContext: initialization completed in 4931 ms
[2023-07-25 07:27:19] [INFO ] [restartedMain] [com.ulisesbocchio.jasyptspringboot.encryptor.DefaultLazyEncryptor] [34] - String Encryptor custom Bean not found with name 'jasyptStringEncryptor'. Initializing Default String Encryptor
[2023-07-25 07:27:19] [INFO ] [restartedMain] [com.ulisesbocchio.jasyptspringboot.encryptor.DefaultLazyEncryptor] [88] - Encryptor config not found for property jasypt.encryptor.algorithm, using default value: PBEWithMD5AndDES
[2023-07-25 07:27:19] [INFO ] [restartedMain] [com.ulisesbocchio.jasyptspringboot.encryptor.DefaultLazyEncryptor] [88] - Encryptor config not found for property jasypt.encryptor.keyObtentionIterations, using default value: 1000
[2023-07-25 07:27:19] [INFO ] [restartedMain] [com.ulisesbocchio.jasyptspringboot.encryptor.DefaultLazyEncryptor] [88] - Encryptor config not found for property jasypt.encryptor.poolSize, using default value: 1
[2023-07-25 07:27:19] [INFO ] [restartedMain] [com.ulisesbocchio.jasyptspringboot.encryptor.DefaultLazyEncryptor] [88] - Encryptor config not found for property jasypt.encryptor.providerName, using default value: null
[2023-07-25 07:27:19] [INFO ] [restartedMain] [com.ulisesbocchio.jasyptspringboot.encryptor.DefaultLazyEncryptor] [88] - Encryptor config not found for property jasypt.encryptor.providerClassName, using default value: null
[2023-07-25 07:27:19] [INFO ] [restartedMain] [com.ulisesbocchio.jasyptspringboot.encryptor.DefaultLazyEncryptor] [88] - Encryptor config not found for property jasypt.encryptor.saltGeneratorClassname, using default value: org.jasypt.salt.RandomSaltGenerator
[2023-07-25 07:27:19] [INFO ] [restartedMain] [com.ulisesbocchio.jasyptspringboot.encryptor.DefaultLazyEncryptor] [88] - Encryptor config not found for property jasypt.encryptor.ivGeneratorClassname, using default value: org.jasypt.salt.NoOpIVGenerator
[2023-07-25 07:27:19] [INFO ] [restartedMain] [com.ulisesbocchio.jasyptspringboot.encryptor.DefaultLazyEncryptor] [88] - Encryptor config not found for property jasypt.encryptor.stringOutputType, using default value: base64
[2023-07-25 07:27:20] [INFO ] [restartedMain] [org.hibernate.jpa.internal.util.LogHelper] [31] - HHH000204: Processing PersistenceUnitInfo [name: default]
[2023-07-25 07:27:20] [INFO ] [restartedMain] [org.hibernate.Version] [44] - HHH000412: Hibernate ORM core version 5.4.12.Final
[2023-07-25 07:27:20] [INFO ] [restartedMain] [org.hibernate.annotations.common.reflection.java.JavaReflectionManager] [49] - HCANN000001: Hibernate Commons Annotations {5.1.0.Final}
[2023-07-25 07:27:21] [INFO ] [restartedMain] [com.zaxxer.hikari.HikariDataSource] [110] - HikariPool-1 - Starting...
[2023-07-25 07:27:21] [INFO ] [restartedMain] [com.zaxxer.hikari.pool.PoolBase] [531] - HikariPool-1 - Driver does not support get/set network timeout for connections. (null)
[2023-07-25 07:27:22] [INFO ] [restartedMain] [com.zaxxer.hikari.HikariDataSource] [123] - HikariPool-1 - Start completed.
[2023-07-25 07:27:22] [INFO ] [restartedMain] [org.hibernate.dialect.Dialect] [172] - HHH000400: Using dialect: org.hibernate.dialect.SQLServer2012Dialect
[2023-07-25 07:27:23] [INFO ] [restartedMain] [org.hibernate.engine.transaction.jta.platform.internal.JtaPlatformInitiator] [52] - HHH000490: Using JtaPlatform implementation: [org.hibernate.engine.transaction.jta.platform.internal.NoJtaPlatform]
[2023-07-25 07:27:24] [INFO ] [restartedMain] [org.springframework.orm.jpa.AbstractEntityManagerFactoryBean] [416] - Initialized JPA EntityManagerFactory for persistence unit 'default'
[2023-07-25 07:27:24] [INFO ] [restartedMain] [org.hibernate.jpa.internal.util.LogHelper] [31] - HHH000204: Processing PersistenceUnitInfo [name: default]
[2023-07-25 07:27:24] [INFO ] [restartedMain] [com.zaxxer.hikari.HikariDataSource] [110] - HikariPool-2 - Starting...
[2023-07-25 07:27:24] [INFO ] [restartedMain] [com.zaxxer.hikari.pool.PoolBase] [531] - HikariPool-2 - Driver does not support get/set network timeout for connections. (null)
[2023-07-25 07:27:24] [INFO ] [restartedMain] [com.zaxxer.hikari.HikariDataSource] [123] - HikariPool-2 - Start completed.
[2023-07-25 07:27:24] [INFO ] [restartedMain] [org.hibernate.dialect.Dialect] [172] - HHH000400: Using dialect: org.hibernate.dialect.SQLServer2012Dialect
[2023-07-25 07:27:26] [INFO ] [restartedMain] [org.hibernate.engine.transaction.jta.platform.internal.JtaPlatformInitiator] [52] - HHH000490: Using JtaPlatform implementation: [org.hibernate.engine.transaction.jta.platform.internal.NoJtaPlatform]
[2023-07-25 07:27:26] [INFO ] [restartedMain] [org.springframework.orm.jpa.AbstractEntityManagerFactoryBean] [416] - Initialized JPA EntityManagerFactory for persistence unit 'default'
[2023-07-25 07:27:31] [INFO ] [restartedMain] [org.springframework.scheduling.concurrent.ExecutorConfigurationSupport] [181] - Initializing ExecutorService
[2023-07-25 07:27:31] [INFO ] [restartedMain] [org.springframework.scheduling.concurrent.ExecutorConfigurationSupport] [181] - Initializing ExecutorService 'taskReportExecutor'
[2023-07-25 07:27:31] [INFO ] [restartedMain] [org.springframework.scheduling.concurrent.ExecutorConfigurationSupport] [181] - Initializing ExecutorService
[2023-07-25 07:27:31] [INFO ] [restartedMain] [org.springframework.scheduling.concurrent.ExecutorConfigurationSupport] [181] - Initializing ExecutorService 'taskExecutor'
[2023-07-25 07:27:31] [INFO ] [restartedMain] [org.springframework.scheduling.concurrent.ExecutorConfigurationSupport] [181] - Initializing ExecutorService 'clientInboundChannelExecutor'
[2023-07-25 07:27:31] [INFO ] [restartedMain] [org.springframework.scheduling.concurrent.ExecutorConfigurationSupport] [181] - Initializing ExecutorService 'clientOutboundChannelExecutor'
[2023-07-25 07:27:33] [INFO ] [restartedMain] [org.springframework.security.web.DefaultSecurityFilterChain] [43] - Creating filter chain: Ant [pattern='/css/**'], []
[2023-07-25 07:27:33] [INFO ] [restartedMain] [org.springframework.security.web.DefaultSecurityFilterChain] [43] - Creating filter chain: Ant [pattern='/js/**'], []
[2023-07-25 07:27:33] [INFO ] [restartedMain] [org.springframework.security.web.DefaultSecurityFilterChain] [43] - Creating filter chain: Ant [pattern='/webfonts/**'], []
[2023-07-25 07:27:34] [INFO ] [restartedMain] [org.springframework.security.web.DefaultSecurityFilterChain] [43] - Creating filter chain: any request, [org.springframework.security.web.context.request.async.WebAsyncManagerIntegrationFilter@518dde2d, org.springframework.security.web.context.SecurityContextPersistenceFilter@789af6d0, org.springframework.security.web.header.HeaderWriterFilter@6d000724, org.springframework.security.web.csrf.CsrfFilter@b28ea5c, org.springframework.security.web.authentication.logout.LogoutFilter@64753c0a, org.springframework.security.web.authentication.UsernamePasswordAuthenticationFilter@1498cf5, com.consiliuminc.sras.filters.CsrfFilter@575bf40b, com.consiliuminc.sras.filters.AuthorizationFilter@3d2d87eb, org.springframework.security.web.savedrequest.RequestCacheAwareFilter@6b598259, org.springframework.security.web.servletapi.SecurityContextHolderAwareRequestFilter@35d4418e, org.springframework.security.web.authentication.AnonymousAuthenticationFilter@2e9b6ea, org.springframework.security.web.session.SessionManagementFilter@2647c7e5, org.springframework.security.web.access.ExceptionTranslationFilter@612423cc, org.springframework.security.web.access.intercept.FilterSecurityInterceptor@7b684f9]
[2023-07-25 07:27:34] [INFO ] [restartedMain] [org.springframework.scheduling.concurrent.ExecutorConfigurationSupport] [181] - Initializing ExecutorService 'messageBrokerTaskScheduler'
[2023-07-25 07:27:34] [INFO ] [restartedMain] [org.springframework.scheduling.concurrent.ExecutorConfigurationSupport] [181] - Initializing ExecutorService 'brokerChannelExecutor'
[2023-07-25 07:27:35] [INFO ] [restartedMain] [org.springframework.boot.devtools.autoconfigure.OptionalLiveReloadServer] [58] - LiveReload server is running on port 35729
[2023-07-25 07:27:35] [INFO ] [restartedMain] [org.springframework.core.log.CompositeLog] [137] - Starting...
[2023-07-25 07:27:35] [INFO ] [restartedMain] [org.springframework.core.log.CompositeLog] [137] - BrokerAvailabilityEvent[available=true, SimpleBrokerMessageHandler [DefaultSubscriptionRegistry[cache[0 destination(s)], registry[0 sessions]]]]
[2023-07-25 07:27:35] [INFO ] [restartedMain] [org.springframework.core.log.CompositeLog] [137] - Started.
[2023-07-25 07:27:35] [INFO ] [restartedMain] [org.apache.juli.logging.DirectJDKLog] [173] - Starting ProtocolHandler ["https-jsse-nio-8443"]
[2023-07-25 07:27:35] [INFO ] [MessageBroker-1] [com.consiliuminc.sras.service.PsttRecognizedResultTaskService] [62] - 當前活動線程數=0 ,線程處理隊列長度=0
[2023-07-25 07:27:36] [INFO ] [restartedMain] [org.springframework.boot.web.embedded.tomcat.TomcatWebServer] [204] - Tomcat started on port(s): 8443 (https) with context path '/SRAS'
[2023-07-25 07:27:36] [INFO ] [restartedMain] [org.springframework.boot.StartupInfoLogger] [61] - Started SrasApplication in 23.061 seconds (JVM running for 24.811)
[2023-07-25 07:27:52] [INFO ] [https-jsse-nio-8443-exec-4] [org.apache.juli.logging.DirectJDKLog] [173] - Initializing Spring DispatcherServlet 'dispatcherServlet'
[2023-07-25 07:27:52] [INFO ] [https-jsse-nio-8443-exec-4] [org.springframework.web.servlet.FrameworkServlet] [525] - Initializing Servlet 'dispatcherServlet'
[2023-07-25 07:27:52] [INFO ] [https-jsse-nio-8443-exec-4] [org.springframework.web.servlet.FrameworkServlet] [547] - Completed initialization in 12 ms
[2023-07-25 07:28:02] [WARN ] [https-jsse-nio-8443-exec-4] [nz.net.ultraq.thymeleaf.decorators.DecoratorProcessor] [74] - The layout:decorator/data-layout-decorator processor has been deprecated and will be removed in the next major version of the layout dialect.  Please use layout:decorate/data-layout-decorate instead to future-proof your code.  See https://github.com/ultraq/thymeleaf-layout-dialect/issues/95 for more information.
[2023-07-25 07:28:02] [WARN ] [https-jsse-nio-8443-exec-4] [nz.net.ultraq.thymeleaf.expressions.ExpressionProcessor] [75] - Fragment expression "fragments/layout" is being wrapped as a Thymeleaf 3 fragment expression (~{...}) for backwards compatibility purposes.  This wrapping will be dropped in the next major version of the expression processor, so please rewrite as a Thymeleaf 3 fragment expression to future-proof your code.  See https://github.com/thymeleaf/thymeleaf/issues/451 for more information.
[2023-07-25 07:28:05] [INFO ] [MessageBroker-1] [com.consiliuminc.sras.service.PsttRecognizedResultTaskService] [62] - 當前活動線程數=0 ,線程處理隊列長度=0
[2023-07-25 07:28:34] [INFO ] [MessageBroker-4] [org.springframework.web.socket.config.WebSocketMessageBrokerStats] [126] - WebSocketSession[0 current WS(0)-HttpStream(0)-HttpPoll(0), 0 total, 0 closed abnormally (0 connect failure, 0 send limit, 0 transport error)], stompSubProtocol[processed CONNECT(0)-CONNECTED(0)-DISCONNECT(0)], stompBrokerRelay[null], inboundChannel[pool size = 0, active threads = 0, queued tasks = 0, completed tasks = 0], outboundChannel[pool size = 0, active threads = 0, queued tasks = 0, completed tasks = 0], sockJsScheduler[pool size = 4, active threads = 1, queued tasks = 3, completed tasks = 2]
[2023-07-25 07:28:35] [INFO ] [MessageBroker-2] [com.consiliuminc.sras.service.PsttRecognizedResultTaskService] [62] - 當前活動線程數=0 ,線程處理隊列長度=0
[2023-07-25 07:29:05] [INFO ] [MessageBroker-2] [com.consiliuminc.sras.service.PsttRecognizedResultTaskService] [62] - 當前活動線程數=0 ,線程處理隊列長度=0
[2023-07-25 07:29:18] [INFO ] [SpringContextShutdownHook] [org.springframework.core.log.CompositeLog] [137] - Stopping...
[2023-07-25 07:29:18] [INFO ] [SpringContextShutdownHook] [org.springframework.core.log.CompositeLog] [137] - BrokerAvailabilityEvent[available=false, SimpleBrokerMessageHandler [DefaultSubscriptionRegistry[cache[0 destination(s)], registry[0 sessions]]]]
[2023-07-25 07:29:18] [INFO ] [SpringContextShutdownHook] [org.springframework.core.log.CompositeLog] [137] - Stopped.
[2023-07-25 07:29:18] [INFO ] [SpringContextShutdownHook] [org.springframework.scheduling.concurrent.ExecutorConfigurationSupport] [218] - Shutting down ExecutorService 'brokerChannelExecutor'
[2023-07-25 07:29:18] [INFO ] [SpringContextShutdownHook] [org.springframework.scheduling.concurrent.ExecutorConfigurationSupport] [218] - Shutting down ExecutorService 'messageBrokerTaskScheduler'
[2023-07-25 07:29:18] [INFO ] [SpringContextShutdownHook] [org.springframework.scheduling.concurrent.ExecutorConfigurationSupport] [218] - Shutting down ExecutorService 'clientOutboundChannelExecutor'
[2023-07-25 07:29:18] [INFO ] [SpringContextShutdownHook] [org.springframework.scheduling.concurrent.ExecutorConfigurationSupport] [218] - Shutting down ExecutorService 'clientInboundChannelExecutor'
[2023-07-25 07:29:18] [INFO ] [SpringContextShutdownHook] [org.springframework.scheduling.concurrent.ExecutorConfigurationSupport] [218] - Shutting down ExecutorService 'taskExecutor'
[2023-07-25 07:29:18] [INFO ] [SpringContextShutdownHook] [org.springframework.scheduling.concurrent.ExecutorConfigurationSupport] [218] - Shutting down ExecutorService 'taskReportExecutor'
[2023-07-25 07:29:18] [INFO ] [SpringContextShutdownHook] [org.springframework.orm.jpa.AbstractEntityManagerFactoryBean] [598] - Closing JPA EntityManagerFactory for persistence unit 'default'
[2023-07-25 07:29:18] [INFO ] [SpringContextShutdownHook] [org.springframework.orm.jpa.AbstractEntityManagerFactoryBean] [598] - Closing JPA EntityManagerFactory for persistence unit 'default'
[2023-07-25 07:29:18] [INFO ] [SpringContextShutdownHook] [com.zaxxer.hikari.HikariDataSource] [350] - HikariPool-1 - Shutdown initiated...
[2023-07-25 07:29:18] [INFO ] [SpringContextShutdownHook] [com.zaxxer.hikari.HikariDataSource] [352] - HikariPool-1 - Shutdown completed.
[2023-07-25 07:29:18] [INFO ] [SpringContextShutdownHook] [com.zaxxer.hikari.HikariDataSource] [350] - HikariPool-2 - Shutdown initiated...
[2023-07-25 07:29:18] [INFO ] [SpringContextShutdownHook] [com.zaxxer.hikari.HikariDataSource] [352] - HikariPool-2 - Shutdown completed.
