[2024-02-16 03:39:53] [INFO ] [restartedMain] [org.springframework.boot.StartupInfoLogger] [55] - Starting SrasApplication on YY-PC with PID 11568 (D:\Consiliuminc\IntelljWorkspace\PQA\MSSQL\SRAS\target\classes started by YY-PC in D:\Consiliuminc\IntelljWorkspace\PQA\MSSQL\SRAS)
[2024-02-16 03:39:53] [INFO ] [restartedMain] [org.springframework.boot.SpringApplication] [651] - No active profile set, falling back to default profiles: default
[2024-02-16 03:39:53] [INFO ] [restartedMain] [org.springframework.boot.logging.DeferredLog] [225] - The Class-Path manifest attribute in C:\Users\YY-PC\.m2\repository\org\glassfish\jaxb\jaxb-runtime\2.3.2\jaxb-runtime-2.3.2.jar referenced one or more files that do not exist: file:/C:/Users/YY-PC/.m2/repository/org/glassfish/jaxb/jaxb-runtime/2.3.2/jakarta.xml.bind-api-2.3.2.jar,file:/C:/Users/YY-PC/.m2/repository/org/glassfish/jaxb/jaxb-runtime/2.3.2/txw2-2.3.2.jar,file:/C:/Users/YY-PC/.m2/repository/org/glassfish/jaxb/jaxb-runtime/2.3.2/istack-commons-runtime-3.0.8.jar,file:/C:/Users/YY-PC/.m2/repository/org/glassfish/jaxb/jaxb-runtime/2.3.2/stax-ex-1.8.1.jar,file:/C:/Users/YY-PC/.m2/repository/org/glassfish/jaxb/jaxb-runtime/2.3.2/FastInfoset-1.2.16.jar,file:/C:/Users/YY-PC/.m2/repository/org/glassfish/jaxb/jaxb-runtime/2.3.2/jakarta.activation-api-1.2.1.jar
[2024-02-16 03:39:53] [INFO ] [restartedMain] [org.springframework.boot.logging.DeferredLog] [225] - Devtools property defaults active! Set 'spring.devtools.add-properties' to 'false' to disable
[2024-02-16 03:39:53] [INFO ] [restartedMain] [org.springframework.boot.logging.DeferredLog] [225] - For additional web related logging consider setting the 'logging.level.web' property to 'DEBUG'
[2024-02-16 03:39:55] [INFO ] [restartedMain] [org.springframework.data.repository.config.RepositoryConfigurationDelegate] [249] - Multiple Spring Data modules found, entering strict repository configuration mode!
[2024-02-16 03:39:55] [INFO ] [restartedMain] [org.springframework.data.repository.config.RepositoryConfigurationDelegate] [127] - Bootstrapping Spring Data JPA repositories in DEFAULT mode.
[2024-02-16 03:39:56] [INFO ] [restartedMain] [org.springframework.data.repository.config.RepositoryConfigurationDelegate] [187] - Finished Spring Data repository scanning in 220ms. Found 11 JPA repository interfaces.
[2024-02-16 03:39:56] [INFO ] [restartedMain] [org.springframework.data.repository.config.RepositoryConfigurationDelegate] [249] - Multiple Spring Data modules found, entering strict repository configuration mode!
[2024-02-16 03:39:56] [INFO ] [restartedMain] [org.springframework.data.repository.config.RepositoryConfigurationDelegate] [127] - Bootstrapping Spring Data JPA repositories in DEFAULT mode.
[2024-02-16 03:39:56] [INFO ] [restartedMain] [org.springframework.data.repository.config.RepositoryConfigurationDelegate] [187] - Finished Spring Data repository scanning in 73ms. Found 9 JPA repository interfaces.
[2024-02-16 03:39:57] [INFO ] [restartedMain] [com.ulisesbocchio.jasyptspringboot.configuration.EncryptablePropertySourceBeanFactoryPostProcessor] [69] - Created Encryptable Property Source 'EncryptedProperties' from locations: [classpath:persistence.properties]
[2024-02-16 03:39:57] [INFO ] [restartedMain] [com.ulisesbocchio.jasyptspringboot.configuration.EnableEncryptablePropertiesBeanFactoryPostProcessor] [50] - Post-processing PropertySource instances
[2024-02-16 03:39:57] [INFO ] [restartedMain] [com.ulisesbocchio.jasyptspringboot.EncryptablePropertySourceConverter] [39] - Converting PropertySource configurationProperties [org.springframework.boot.context.properties.source.ConfigurationPropertySourcesPropertySource] to AOP Proxy
[2024-02-16 03:39:57] [INFO ] [restartedMain] [com.ulisesbocchio.jasyptspringboot.EncryptablePropertySourceConverter] [39] - Converting PropertySource servletConfigInitParams [org.springframework.core.env.PropertySource$StubPropertySource] to EncryptablePropertySourceWrapper
[2024-02-16 03:39:57] [INFO ] [restartedMain] [com.ulisesbocchio.jasyptspringboot.EncryptablePropertySourceConverter] [39] - Converting PropertySource servletContextInitParams [org.springframework.core.env.PropertySource$StubPropertySource] to EncryptablePropertySourceWrapper
[2024-02-16 03:39:57] [INFO ] [restartedMain] [com.ulisesbocchio.jasyptspringboot.EncryptablePropertySourceConverter] [39] - Converting PropertySource systemProperties [org.springframework.core.env.PropertiesPropertySource] to EncryptableMapPropertySourceWrapper
[2024-02-16 03:39:57] [INFO ] [restartedMain] [com.ulisesbocchio.jasyptspringboot.EncryptablePropertySourceConverter] [39] - Converting PropertySource systemEnvironment [org.springframework.boot.env.SystemEnvironmentPropertySourceEnvironmentPostProcessor$OriginAwareSystemEnvironmentPropertySource] to EncryptableMapPropertySourceWrapper
[2024-02-16 03:39:57] [INFO ] [restartedMain] [com.ulisesbocchio.jasyptspringboot.EncryptablePropertySourceConverter] [39] - Converting PropertySource random [org.springframework.boot.env.RandomValuePropertySource] to EncryptablePropertySourceWrapper
[2024-02-16 03:39:57] [INFO ] [restartedMain] [com.ulisesbocchio.jasyptspringboot.EncryptablePropertySourceConverter] [39] - Converting PropertySource applicationConfig: [classpath:/application.properties] [org.springframework.boot.env.OriginTrackedMapPropertySource] to EncryptableMapPropertySourceWrapper
[2024-02-16 03:39:57] [INFO ] [restartedMain] [com.ulisesbocchio.jasyptspringboot.EncryptablePropertySourceConverter] [39] - Converting PropertySource applicationConfig: [classpath:/application.yml] [org.springframework.boot.env.OriginTrackedMapPropertySource] to EncryptableMapPropertySourceWrapper
[2024-02-16 03:39:57] [INFO ] [restartedMain] [com.ulisesbocchio.jasyptspringboot.EncryptablePropertySourceConverter] [39] - Converting PropertySource devtools [org.springframework.core.env.MapPropertySource] to EncryptableMapPropertySourceWrapper
[2024-02-16 03:39:57] [INFO ] [restartedMain] [com.ulisesbocchio.jasyptspringboot.EncryptablePropertySourceConverter] [39] - Converting PropertySource class path resource [persistence.properties] [org.springframework.core.env.CompositePropertySource] to EncryptableEnumerablePropertySourceWrapper
[2024-02-16 03:39:58] [INFO ] [restartedMain] [com.ulisesbocchio.jasyptspringboot.filter.DefaultLazyPropertyFilter] [31] - Property Filter custom Bean not found with name 'encryptablePropertyFilter'. Initializing Default Property Filter
[2024-02-16 03:39:58] [INFO ] [restartedMain] [com.ulisesbocchio.jasyptspringboot.resolver.DefaultLazyPropertyResolver] [31] - Property Resolver custom Bean not found with name 'encryptablePropertyResolver'. Initializing Default Property Resolver
[2024-02-16 03:39:58] [INFO ] [restartedMain] [com.ulisesbocchio.jasyptspringboot.detector.DefaultLazyPropertyDetector] [30] - Property Detector custom Bean not found with name 'encryptablePropertyDetector'. Initializing Default Property Detector
[2024-02-16 03:40:00] [INFO ] [restartedMain] [org.springframework.boot.web.embedded.tomcat.TomcatWebServer] [92] - Tomcat initialized with port(s): 8443 (https)
[2024-02-16 03:40:00] [INFO ] [restartedMain] [org.apache.juli.logging.DirectJDKLog] [173] - Initializing ProtocolHandler ["https-jsse-nio-8443"]
[2024-02-16 03:40:00] [INFO ] [restartedMain] [org.apache.juli.logging.DirectJDKLog] [173] - Starting service [Tomcat]
[2024-02-16 03:40:00] [INFO ] [restartedMain] [org.apache.juli.logging.DirectJDKLog] [173] - Starting Servlet engine: [Apache Tomcat/9.0.33]
[2024-02-16 03:40:00] [INFO ] [restartedMain] [org.apache.juli.logging.DirectJDKLog] [173] - Initializing Spring embedded WebApplicationContext
[2024-02-16 03:40:00] [INFO ] [restartedMain] [org.springframework.boot.web.servlet.context.ServletWebServerApplicationContext] [284] - Root WebApplicationContext: initialization completed in 6716 ms
[2024-02-16 03:40:01] [INFO ] [restartedMain] [com.ulisesbocchio.jasyptspringboot.encryptor.DefaultLazyEncryptor] [34] - String Encryptor custom Bean not found with name 'jasyptStringEncryptor'. Initializing Default String Encryptor
[2024-02-16 03:40:01] [INFO ] [restartedMain] [com.ulisesbocchio.jasyptspringboot.encryptor.DefaultLazyEncryptor] [88] - Encryptor config not found for property jasypt.encryptor.algorithm, using default value: PBEWithMD5AndDES
[2024-02-16 03:40:01] [INFO ] [restartedMain] [com.ulisesbocchio.jasyptspringboot.encryptor.DefaultLazyEncryptor] [88] - Encryptor config not found for property jasypt.encryptor.keyObtentionIterations, using default value: 1000
[2024-02-16 03:40:01] [INFO ] [restartedMain] [com.ulisesbocchio.jasyptspringboot.encryptor.DefaultLazyEncryptor] [88] - Encryptor config not found for property jasypt.encryptor.poolSize, using default value: 1
[2024-02-16 03:40:01] [INFO ] [restartedMain] [com.ulisesbocchio.jasyptspringboot.encryptor.DefaultLazyEncryptor] [88] - Encryptor config not found for property jasypt.encryptor.providerName, using default value: null
[2024-02-16 03:40:01] [INFO ] [restartedMain] [com.ulisesbocchio.jasyptspringboot.encryptor.DefaultLazyEncryptor] [88] - Encryptor config not found for property jasypt.encryptor.providerClassName, using default value: null
[2024-02-16 03:40:01] [INFO ] [restartedMain] [com.ulisesbocchio.jasyptspringboot.encryptor.DefaultLazyEncryptor] [88] - Encryptor config not found for property jasypt.encryptor.saltGeneratorClassname, using default value: org.jasypt.salt.RandomSaltGenerator
[2024-02-16 03:40:01] [INFO ] [restartedMain] [com.ulisesbocchio.jasyptspringboot.encryptor.DefaultLazyEncryptor] [88] - Encryptor config not found for property jasypt.encryptor.ivGeneratorClassname, using default value: org.jasypt.salt.NoOpIVGenerator
[2024-02-16 03:40:01] [INFO ] [restartedMain] [com.ulisesbocchio.jasyptspringboot.encryptor.DefaultLazyEncryptor] [88] - Encryptor config not found for property jasypt.encryptor.stringOutputType, using default value: base64
[2024-02-16 03:40:01] [INFO ] [restartedMain] [org.hibernate.jpa.internal.util.LogHelper] [31] - HHH000204: Processing PersistenceUnitInfo [name: default]
[2024-02-16 03:40:02] [INFO ] [restartedMain] [org.hibernate.Version] [44] - HHH000412: Hibernate ORM core version 5.4.12.Final
[2024-02-16 03:40:03] [INFO ] [restartedMain] [org.hibernate.annotations.common.reflection.java.JavaReflectionManager] [49] - HCANN000001: Hibernate Commons Annotations {5.1.0.Final}
[2024-02-16 03:40:04] [INFO ] [restartedMain] [com.zaxxer.hikari.HikariDataSource] [110] - HikariPool-1 - Starting...
[2024-02-16 03:40:05] [INFO ] [restartedMain] [com.zaxxer.hikari.pool.PoolBase] [531] - HikariPool-1 - Driver does not support get/set network timeout for connections. (null)
[2024-02-16 03:40:05] [INFO ] [restartedMain] [com.zaxxer.hikari.HikariDataSource] [123] - HikariPool-1 - Start completed.
[2024-02-16 03:40:05] [INFO ] [restartedMain] [org.hibernate.dialect.Dialect] [172] - HHH000400: Using dialect: org.hibernate.dialect.SQLServer2012Dialect
[2024-02-16 03:40:08] [INFO ] [restartedMain] [org.hibernate.engine.transaction.jta.platform.internal.JtaPlatformInitiator] [52] - HHH000490: Using JtaPlatform implementation: [org.hibernate.engine.transaction.jta.platform.internal.NoJtaPlatform]
[2024-02-16 03:40:08] [INFO ] [restartedMain] [org.springframework.orm.jpa.AbstractEntityManagerFactoryBean] [416] - Initialized JPA EntityManagerFactory for persistence unit 'default'
[2024-02-16 03:40:08] [INFO ] [restartedMain] [org.hibernate.jpa.internal.util.LogHelper] [31] - HHH000204: Processing PersistenceUnitInfo [name: default]
[2024-02-16 03:40:08] [INFO ] [restartedMain] [com.zaxxer.hikari.HikariDataSource] [110] - HikariPool-2 - Starting...
[2024-02-16 03:40:09] [INFO ] [restartedMain] [com.zaxxer.hikari.pool.PoolBase] [531] - HikariPool-2 - Driver does not support get/set network timeout for connections. (null)
[2024-02-16 03:40:09] [INFO ] [restartedMain] [com.zaxxer.hikari.HikariDataSource] [123] - HikariPool-2 - Start completed.
[2024-02-16 03:40:09] [INFO ] [restartedMain] [org.hibernate.dialect.Dialect] [172] - HHH000400: Using dialect: org.hibernate.dialect.SQLServer2012Dialect
[2024-02-16 03:40:11] [INFO ] [restartedMain] [org.hibernate.engine.transaction.jta.platform.internal.JtaPlatformInitiator] [52] - HHH000490: Using JtaPlatform implementation: [org.hibernate.engine.transaction.jta.platform.internal.NoJtaPlatform]
[2024-02-16 03:40:11] [INFO ] [restartedMain] [org.springframework.orm.jpa.AbstractEntityManagerFactoryBean] [416] - Initialized JPA EntityManagerFactory for persistence unit 'default'
[2024-02-16 03:40:17] [INFO ] [restartedMain] [org.springframework.scheduling.concurrent.ExecutorConfigurationSupport] [181] - Initializing ExecutorService
[2024-02-16 03:40:17] [INFO ] [restartedMain] [org.springframework.scheduling.concurrent.ExecutorConfigurationSupport] [181] - Initializing ExecutorService 'taskReportExecutor'
[2024-02-16 03:40:17] [INFO ] [restartedMain] [org.springframework.scheduling.concurrent.ExecutorConfigurationSupport] [181] - Initializing ExecutorService
[2024-02-16 03:40:17] [INFO ] [restartedMain] [org.springframework.scheduling.concurrent.ExecutorConfigurationSupport] [181] - Initializing ExecutorService 'taskExecutor'
[2024-02-16 03:40:17] [INFO ] [restartedMain] [org.springframework.scheduling.concurrent.ExecutorConfigurationSupport] [181] - Initializing ExecutorService 'clientInboundChannelExecutor'
[2024-02-16 03:40:17] [INFO ] [restartedMain] [org.springframework.scheduling.concurrent.ExecutorConfigurationSupport] [181] - Initializing ExecutorService 'clientOutboundChannelExecutor'
[2024-02-16 03:40:19] [INFO ] [restartedMain] [org.springframework.security.web.DefaultSecurityFilterChain] [43] - Creating filter chain: Ant [pattern='/css/**'], []
[2024-02-16 03:40:19] [INFO ] [restartedMain] [org.springframework.security.web.DefaultSecurityFilterChain] [43] - Creating filter chain: Ant [pattern='/js/**'], []
[2024-02-16 03:40:19] [INFO ] [restartedMain] [org.springframework.security.web.DefaultSecurityFilterChain] [43] - Creating filter chain: Ant [pattern='/webfonts/**'], []
[2024-02-16 03:40:19] [INFO ] [restartedMain] [org.springframework.security.web.DefaultSecurityFilterChain] [43] - Creating filter chain: any request, [org.springframework.security.web.context.request.async.WebAsyncManagerIntegrationFilter@29bbd565, org.springframework.security.web.context.SecurityContextPersistenceFilter@604adb6b, org.springframework.security.web.header.HeaderWriterFilter@b4c9df2, org.springframework.security.web.csrf.CsrfFilter@5be40f49, org.springframework.security.web.authentication.logout.LogoutFilter@71627d69, org.springframework.security.web.authentication.UsernamePasswordAuthenticationFilter@7840857d, com.consiliuminc.sras.filters.CsrfFilter@55acc642, com.consiliuminc.sras.filters.AuthorizationFilter@4e046696, org.springframework.security.web.savedrequest.RequestCacheAwareFilter@1ab389a8, org.springframework.security.web.servletapi.SecurityContextHolderAwareRequestFilter@49ff6283, org.springframework.security.web.authentication.AnonymousAuthenticationFilter@3e1a1712, org.springframework.security.web.session.SessionManagementFilter@2d27343b, org.springframework.security.web.access.ExceptionTranslationFilter@5801169c, org.springframework.security.web.access.intercept.FilterSecurityInterceptor@818d231]
[2024-02-16 03:40:20] [INFO ] [restartedMain] [org.springframework.scheduling.concurrent.ExecutorConfigurationSupport] [181] - Initializing ExecutorService 'messageBrokerTaskScheduler'
[2024-02-16 03:40:20] [INFO ] [restartedMain] [org.springframework.scheduling.concurrent.ExecutorConfigurationSupport] [181] - Initializing ExecutorService 'brokerChannelExecutor'
[2024-02-16 03:40:22] [INFO ] [restartedMain] [org.springframework.boot.devtools.autoconfigure.OptionalLiveReloadServer] [58] - LiveReload server is running on port 35729
[2024-02-16 03:40:22] [INFO ] [restartedMain] [org.springframework.core.log.CompositeLog] [137] - Starting...
[2024-02-16 03:40:22] [INFO ] [restartedMain] [org.springframework.core.log.CompositeLog] [137] - BrokerAvailabilityEvent[available=true, SimpleBrokerMessageHandler [DefaultSubscriptionRegistry[cache[0 destination(s)], registry[0 sessions]]]]
[2024-02-16 03:40:22] [INFO ] [restartedMain] [org.springframework.core.log.CompositeLog] [137] - Started.
[2024-02-16 03:40:22] [INFO ] [restartedMain] [org.apache.juli.logging.DirectJDKLog] [173] - Starting ProtocolHandler ["https-jsse-nio-8443"]
[2024-02-16 03:40:22] [INFO ] [MessageBroker-1] [com.consiliuminc.sras.service.PsttRecognizedResultTaskService] [62] - 當前活動線程數=0 ,線程處理隊列長度=0
[2024-02-16 03:40:23] [INFO ] [restartedMain] [org.springframework.boot.web.embedded.tomcat.TomcatWebServer] [204] - Tomcat started on port(s): 8443 (https) with context path '/SRAS'
[2024-02-16 03:40:23] [INFO ] [restartedMain] [org.springframework.boot.StartupInfoLogger] [61] - Started SrasApplication in 32.416 seconds (JVM running for 60.956)
[2024-02-16 03:40:35] [INFO ] [https-jsse-nio-8443-exec-2] [org.apache.juli.logging.DirectJDKLog] [173] - Initializing Spring DispatcherServlet 'dispatcherServlet'
[2024-02-16 03:40:35] [INFO ] [https-jsse-nio-8443-exec-2] [org.springframework.web.servlet.FrameworkServlet] [525] - Initializing Servlet 'dispatcherServlet'
[2024-02-16 03:40:35] [INFO ] [https-jsse-nio-8443-exec-2] [org.springframework.web.servlet.FrameworkServlet] [547] - Completed initialization in 35 ms
[2024-02-16 03:40:52] [INFO ] [MessageBroker-1] [com.consiliuminc.sras.service.PsttRecognizedResultTaskService] [62] - 當前活動線程數=0 ,線程處理隊列長度=0
[2024-02-16 03:40:58] [WARN ] [https-jsse-nio-8443-exec-1] [nz.net.ultraq.thymeleaf.decorators.DecoratorProcessor] [74] - The layout:decorator/data-layout-decorator processor has been deprecated and will be removed in the next major version of the layout dialect.  Please use layout:decorate/data-layout-decorate instead to future-proof your code.  See https://github.com/ultraq/thymeleaf-layout-dialect/issues/95 for more information.
[2024-02-16 03:40:59] [WARN ] [https-jsse-nio-8443-exec-1] [nz.net.ultraq.thymeleaf.expressions.ExpressionProcessor] [75] - Fragment expression "fragments/layout" is being wrapped as a Thymeleaf 3 fragment expression (~{...}) for backwards compatibility purposes.  This wrapping will be dropped in the next major version of the expression processor, so please rewrite as a Thymeleaf 3 fragment expression to future-proof your code.  See https://github.com/thymeleaf/thymeleaf/issues/451 for more information.
[2024-02-16 03:41:20] [INFO ] [MessageBroker-3] [org.springframework.web.socket.config.WebSocketMessageBrokerStats] [126] - WebSocketSession[0 current WS(0)-HttpStream(0)-HttpPoll(0), 0 total, 0 closed abnormally (0 connect failure, 0 send limit, 0 transport error)], stompSubProtocol[processed CONNECT(0)-CONNECTED(0)-DISCONNECT(0)], stompBrokerRelay[null], inboundChannel[pool size = 0, active threads = 0, queued tasks = 0, completed tasks = 0], outboundChannel[pool size = 0, active threads = 0, queued tasks = 0, completed tasks = 0], sockJsScheduler[pool size = 4, active threads = 1, queued tasks = 3, completed tasks = 2]
[2024-02-16 03:41:22] [INFO ] [MessageBroker-2] [com.consiliuminc.sras.service.PsttRecognizedResultTaskService] [62] - 當前活動線程數=0 ,線程處理隊列長度=0
[2024-02-16 03:41:53] [INFO ] [MessageBroker-2] [com.consiliuminc.sras.service.PsttRecognizedResultTaskService] [62] - 當前活動線程數=0 ,線程處理隊列長度=0
[2024-02-16 03:42:34] [INFO ] [MessageBroker-2] [com.consiliuminc.sras.service.PsttRecognizedResultTaskService] [62] - 當前活動線程數=0 ,線程處理隊列長度=0
[2024-02-16 03:43:05] [INFO ] [MessageBroker-2] [com.consiliuminc.sras.service.PsttRecognizedResultTaskService] [62] - 當前活動線程數=0 ,線程處理隊列長度=0
[2024-02-16 03:43:39] [INFO ] [MessageBroker-2] [com.consiliuminc.sras.service.PsttRecognizedResultTaskService] [62] - 當前活動線程數=0 ,線程處理隊列長度=0
[2024-02-16 03:43:39] [WARN ] [HikariPool-1 housekeeper] [com.zaxxer.hikari.pool.HikariPool$HouseKeeper] [779] - HikariPool-1 - Thread starvation or clock leap detected (housekeeper delta=1m4s114ms307µs).
[2024-02-16 03:44:09] [INFO ] [MessageBroker-2] [com.consiliuminc.sras.service.PsttRecognizedResultTaskService] [62] - 當前活動線程數=0 ,線程處理隊列長度=0
[2024-02-16 03:44:18] [ERROR] [https-jsse-nio-8443-exec-12] [com.consiliuminc.sras.authentications.LoginAuthProvider] [208] - AD Login Error ={}
javax.naming.CommunicationException: IBAKIPWDOM310.aia.biz:636
	at com.sun.jndi.ldap.Connection.<init>(Connection.java:226)
	at com.sun.jndi.ldap.LdapClient.<init>(LdapClient.java:137)
	at com.sun.jndi.ldap.LdapClient.getInstance(LdapClient.java:1609)
	at com.sun.jndi.ldap.LdapCtx.connect(LdapCtx.java:2749)
	at com.sun.jndi.ldap.LdapCtx.<init>(LdapCtx.java:319)
	at com.sun.jndi.ldap.LdapCtxFactory.getUsingURL(LdapCtxFactory.java:192)
	at com.sun.jndi.ldap.LdapCtxFactory.getUsingURLs(LdapCtxFactory.java:210)
	at com.sun.jndi.ldap.LdapCtxFactory.getLdapCtxInstance(LdapCtxFactory.java:153)
	at com.sun.jndi.ldap.LdapCtxFactory.getInitialContext(LdapCtxFactory.java:83)
	at javax.naming.spi.NamingManager.getInitialContext(NamingManager.java:684)
	at javax.naming.InitialContext.getDefaultInitCtx(InitialContext.java:313)
	at javax.naming.InitialContext.init(InitialContext.java:244)
	at javax.naming.InitialContext.<init>(InitialContext.java:216)
	at javax.naming.directory.InitialDirContext.<init>(InitialDirContext.java:101)
	at com.consiliuminc.sras.authentications.LoginAuthProvider.AdCheck(LoginAuthProvider.java:187)
	at com.consiliuminc.sras.authentications.LoginAuthProvider.authenticate(LoginAuthProvider.java:102)
	at org.springframework.security.authentication.ProviderManager.authenticate(ProviderManager.java:175)
	at org.springframework.security.authentication.ProviderManager.authenticate(ProviderManager.java:195)
	at org.springframework.security.web.authentication.UsernamePasswordAuthenticationFilter.attemptAuthentication(UsernamePasswordAuthenticationFilter.java:95)
	at org.springframework.security.web.authentication.AbstractAuthenticationProcessingFilter.doFilter(AbstractAuthenticationProcessingFilter.java:212)
	at org.springframework.security.web.FilterChainProxy$VirtualFilterChain.doFilter(FilterChainProxy.java:334)
	at org.springframework.security.web.authentication.logout.LogoutFilter.doFilter(LogoutFilter.java:116)
	at org.springframework.security.web.FilterChainProxy$VirtualFilterChain.doFilter(FilterChainProxy.java:334)
	at org.springframework.security.web.csrf.CsrfFilter.doFilterInternal(CsrfFilter.java:141)
	at org.springframework.web.filter.OncePerRequestFilter.doFilter(OncePerRequestFilter.java:119)
	at org.springframework.security.web.FilterChainProxy$VirtualFilterChain.doFilter(FilterChainProxy.java:334)
	at org.springframework.security.web.header.HeaderWriterFilter.doHeadersAfter(HeaderWriterFilter.java:92)
	at org.springframework.security.web.header.HeaderWriterFilter.doFilterInternal(HeaderWriterFilter.java:77)
	at org.springframework.web.filter.OncePerRequestFilter.doFilter(OncePerRequestFilter.java:119)
	at org.springframework.security.web.FilterChainProxy$VirtualFilterChain.doFilter(FilterChainProxy.java:334)
	at org.springframework.security.web.context.SecurityContextPersistenceFilter.doFilter(SecurityContextPersistenceFilter.java:105)
	at org.springframework.security.web.FilterChainProxy$VirtualFilterChain.doFilter(FilterChainProxy.java:334)
	at org.springframework.security.web.context.request.async.WebAsyncManagerIntegrationFilter.doFilterInternal(WebAsyncManagerIntegrationFilter.java:56)
	at org.springframework.web.filter.OncePerRequestFilter.doFilter(OncePerRequestFilter.java:119)
	at org.springframework.security.web.FilterChainProxy$VirtualFilterChain.doFilter(FilterChainProxy.java:334)
	at org.springframework.security.web.FilterChainProxy.doFilterInternal(FilterChainProxy.java:215)
	at org.springframework.security.web.FilterChainProxy.doFilter(FilterChainProxy.java:178)
	at org.springframework.web.filter.DelegatingFilterProxy.invokeDelegate(DelegatingFilterProxy.java:358)
	at org.springframework.web.filter.DelegatingFilterProxy.doFilter(DelegatingFilterProxy.java:271)
	at org.apache.catalina.core.ApplicationFilterChain.internalDoFilter(ApplicationFilterChain.java:193)
	at org.apache.catalina.core.ApplicationFilterChain.doFilter(ApplicationFilterChain.java:166)
	at org.springframework.web.filter.RequestContextFilter.doFilterInternal(RequestContextFilter.java:100)
	at org.springframework.web.filter.OncePerRequestFilter.doFilter(OncePerRequestFilter.java:119)
	at org.apache.catalina.core.ApplicationFilterChain.internalDoFilter(ApplicationFilterChain.java:193)
	at org.apache.catalina.core.ApplicationFilterChain.doFilter(ApplicationFilterChain.java:166)
	at org.springframework.web.filter.FormContentFilter.doFilterInternal(FormContentFilter.java:93)
	at org.springframework.web.filter.OncePerRequestFilter.doFilter(OncePerRequestFilter.java:119)
	at org.apache.catalina.core.ApplicationFilterChain.internalDoFilter(ApplicationFilterChain.java:193)
	at org.apache.catalina.core.ApplicationFilterChain.doFilter(ApplicationFilterChain.java:166)
	at org.springframework.web.filter.CharacterEncodingFilter.doFilterInternal(CharacterEncodingFilter.java:201)
	at org.springframework.web.filter.OncePerRequestFilter.doFilter(OncePerRequestFilter.java:119)
	at org.apache.catalina.core.ApplicationFilterChain.internalDoFilter(ApplicationFilterChain.java:193)
	at org.apache.catalina.core.ApplicationFilterChain.doFilter(ApplicationFilterChain.java:166)
	at org.apache.catalina.core.StandardWrapperValve.invoke(StandardWrapperValve.java:202)
	at org.apache.catalina.core.StandardContextValve.invoke(StandardContextValve.java:96)
	at org.apache.catalina.authenticator.AuthenticatorBase.invoke(AuthenticatorBase.java:541)
	at org.apache.catalina.core.StandardHostValve.invoke(StandardHostValve.java:139)
	at org.apache.catalina.valves.ErrorReportValve.invoke(ErrorReportValve.java:92)
	at org.apache.catalina.core.StandardEngineValve.invoke(StandardEngineValve.java:74)
	at org.apache.catalina.connector.CoyoteAdapter.service(CoyoteAdapter.java:343)
	at org.apache.coyote.http11.Http11Processor.service(Http11Processor.java:373)
	at org.apache.coyote.AbstractProcessorLight.process(AbstractProcessorLight.java:65)
	at org.apache.coyote.AbstractProtocol$ConnectionHandler.process(AbstractProtocol.java:868)
	at org.apache.tomcat.util.net.NioEndpoint$SocketProcessor.doRun(NioEndpoint.java:1594)
	at org.apache.tomcat.util.net.SocketProcessorBase.run(SocketProcessorBase.java:49)
	at java.util.concurrent.ThreadPoolExecutor.runWorker(ThreadPoolExecutor.java:1149)
	at java.util.concurrent.ThreadPoolExecutor$Worker.run(ThreadPoolExecutor.java:624)
	at org.apache.tomcat.util.threads.TaskThread$WrappingRunnable.run(TaskThread.java:61)
	at java.lang.Thread.run(Thread.java:748)
Caused by: java.net.UnknownHostException: IBAKIPWDOM310.aia.biz
	at java.net.AbstractPlainSocketImpl.connect(AbstractPlainSocketImpl.java:184)
	at java.net.PlainSocketImpl.connect(PlainSocketImpl.java:172)
	at java.net.SocksSocketImpl.connect(SocksSocketImpl.java:392)
	at java.net.Socket.connect(Socket.java:607)
	at sun.security.ssl.SSLSocketImpl.connect(SSLSocketImpl.java:666)
	at sun.security.ssl.SSLSocketImpl.<init>(SSLSocketImpl.java:426)
	at sun.security.ssl.SSLSocketFactoryImpl.createSocket(SSLSocketFactoryImpl.java:88)
	at com.consiliuminc.sras.authentications.CustomSSLSocketFactory.createSocket(CustomSSLSocketFactory.java:50)
	at sun.reflect.NativeMethodAccessorImpl.invoke0(Native Method)
	at sun.reflect.NativeMethodAccessorImpl.invoke(NativeMethodAccessorImpl.java:62)
	at sun.reflect.DelegatingMethodAccessorImpl.invoke(DelegatingMethodAccessorImpl.java:43)
	at java.lang.reflect.Method.invoke(Method.java:498)
	at com.sun.jndi.ldap.Connection.createSocket(Connection.java:338)
	at com.sun.jndi.ldap.Connection.<init>(Connection.java:213)
	... 68 common frames omitted
[2024-02-16 03:44:39] [INFO ] [MessageBroker-2] [com.consiliuminc.sras.service.PsttRecognizedResultTaskService] [62] - 當前活動線程數=0 ,線程處理隊列長度=0
[2024-02-16 03:45:00] [INFO ] [SpringContextShutdownHook] [org.springframework.core.log.CompositeLog] [137] - Stopping...
[2024-02-16 03:45:00] [INFO ] [SpringContextShutdownHook] [org.springframework.core.log.CompositeLog] [137] - BrokerAvailabilityEvent[available=false, SimpleBrokerMessageHandler [DefaultSubscriptionRegistry[cache[0 destination(s)], registry[0 sessions]]]]
[2024-02-16 03:45:00] [INFO ] [SpringContextShutdownHook] [org.springframework.core.log.CompositeLog] [137] - Stopped.
[2024-02-16 03:45:00] [INFO ] [SpringContextShutdownHook] [org.springframework.scheduling.concurrent.ExecutorConfigurationSupport] [218] - Shutting down ExecutorService 'brokerChannelExecutor'
[2024-02-16 03:45:00] [INFO ] [SpringContextShutdownHook] [org.springframework.scheduling.concurrent.ExecutorConfigurationSupport] [218] - Shutting down ExecutorService 'messageBrokerTaskScheduler'
[2024-02-16 03:45:00] [INFO ] [SpringContextShutdownHook] [org.springframework.scheduling.concurrent.ExecutorConfigurationSupport] [218] - Shutting down ExecutorService 'clientOutboundChannelExecutor'
[2024-02-16 03:45:00] [INFO ] [SpringContextShutdownHook] [org.springframework.scheduling.concurrent.ExecutorConfigurationSupport] [218] - Shutting down ExecutorService 'clientInboundChannelExecutor'
[2024-02-16 03:45:00] [INFO ] [SpringContextShutdownHook] [org.springframework.scheduling.concurrent.ExecutorConfigurationSupport] [218] - Shutting down ExecutorService 'taskExecutor'
[2024-02-16 03:45:00] [INFO ] [SpringContextShutdownHook] [org.springframework.scheduling.concurrent.ExecutorConfigurationSupport] [218] - Shutting down ExecutorService 'taskReportExecutor'
[2024-02-16 03:45:00] [INFO ] [SpringContextShutdownHook] [org.springframework.orm.jpa.AbstractEntityManagerFactoryBean] [598] - Closing JPA EntityManagerFactory for persistence unit 'default'
[2024-02-16 03:45:00] [INFO ] [SpringContextShutdownHook] [org.springframework.orm.jpa.AbstractEntityManagerFactoryBean] [598] - Closing JPA EntityManagerFactory for persistence unit 'default'
[2024-02-16 03:45:00] [INFO ] [SpringContextShutdownHook] [com.zaxxer.hikari.HikariDataSource] [350] - HikariPool-1 - Shutdown initiated...
[2024-02-16 03:45:00] [INFO ] [SpringContextShutdownHook] [com.zaxxer.hikari.HikariDataSource] [352] - HikariPool-1 - Shutdown completed.
[2024-02-16 03:45:00] [INFO ] [SpringContextShutdownHook] [com.zaxxer.hikari.HikariDataSource] [350] - HikariPool-2 - Shutdown initiated...
[2024-02-16 03:45:00] [INFO ] [SpringContextShutdownHook] [com.zaxxer.hikari.HikariDataSource] [352] - HikariPool-2 - Shutdown completed.
[2024-02-16 03:45:21] [INFO ] [restartedMain] [org.springframework.boot.StartupInfoLogger] [55] - Starting SrasApplication on YY-PC with PID 16696 (D:\Consiliuminc\IntelljWorkspace\PQA\MSSQL\SRAS\target\classes started by YY-PC in D:\Consiliuminc\IntelljWorkspace\PQA\MSSQL\SRAS)
[2024-02-16 03:45:21] [INFO ] [restartedMain] [org.springframework.boot.SpringApplication] [651] - No active profile set, falling back to default profiles: default
[2024-02-16 03:45:22] [INFO ] [restartedMain] [org.springframework.boot.logging.DeferredLog] [225] - The Class-Path manifest attribute in C:\Users\YY-PC\.m2\repository\org\glassfish\jaxb\jaxb-runtime\2.3.2\jaxb-runtime-2.3.2.jar referenced one or more files that do not exist: file:/C:/Users/YY-PC/.m2/repository/org/glassfish/jaxb/jaxb-runtime/2.3.2/jakarta.xml.bind-api-2.3.2.jar,file:/C:/Users/YY-PC/.m2/repository/org/glassfish/jaxb/jaxb-runtime/2.3.2/txw2-2.3.2.jar,file:/C:/Users/YY-PC/.m2/repository/org/glassfish/jaxb/jaxb-runtime/2.3.2/istack-commons-runtime-3.0.8.jar,file:/C:/Users/YY-PC/.m2/repository/org/glassfish/jaxb/jaxb-runtime/2.3.2/stax-ex-1.8.1.jar,file:/C:/Users/YY-PC/.m2/repository/org/glassfish/jaxb/jaxb-runtime/2.3.2/FastInfoset-1.2.16.jar,file:/C:/Users/YY-PC/.m2/repository/org/glassfish/jaxb/jaxb-runtime/2.3.2/jakarta.activation-api-1.2.1.jar
[2024-02-16 03:45:22] [INFO ] [restartedMain] [org.springframework.boot.logging.DeferredLog] [225] - Devtools property defaults active! Set 'spring.devtools.add-properties' to 'false' to disable
[2024-02-16 03:45:22] [INFO ] [restartedMain] [org.springframework.boot.logging.DeferredLog] [225] - For additional web related logging consider setting the 'logging.level.web' property to 'DEBUG'
[2024-02-16 03:45:25] [INFO ] [restartedMain] [org.springframework.data.repository.config.RepositoryConfigurationDelegate] [249] - Multiple Spring Data modules found, entering strict repository configuration mode!
[2024-02-16 03:45:25] [INFO ] [restartedMain] [org.springframework.data.repository.config.RepositoryConfigurationDelegate] [127] - Bootstrapping Spring Data JPA repositories in DEFAULT mode.
[2024-02-16 03:45:26] [INFO ] [restartedMain] [org.springframework.data.repository.config.RepositoryConfigurationDelegate] [187] - Finished Spring Data repository scanning in 354ms. Found 11 JPA repository interfaces.
[2024-02-16 03:45:26] [INFO ] [restartedMain] [org.springframework.data.repository.config.RepositoryConfigurationDelegate] [249] - Multiple Spring Data modules found, entering strict repository configuration mode!
[2024-02-16 03:45:26] [INFO ] [restartedMain] [org.springframework.data.repository.config.RepositoryConfigurationDelegate] [127] - Bootstrapping Spring Data JPA repositories in DEFAULT mode.
[2024-02-16 03:45:26] [INFO ] [restartedMain] [org.springframework.data.repository.config.RepositoryConfigurationDelegate] [187] - Finished Spring Data repository scanning in 169ms. Found 9 JPA repository interfaces.
[2024-02-16 03:45:28] [INFO ] [restartedMain] [com.ulisesbocchio.jasyptspringboot.configuration.EncryptablePropertySourceBeanFactoryPostProcessor] [69] - Created Encryptable Property Source 'EncryptedProperties' from locations: [classpath:persistence.properties]
[2024-02-16 03:45:29] [INFO ] [restartedMain] [com.ulisesbocchio.jasyptspringboot.configuration.EnableEncryptablePropertiesBeanFactoryPostProcessor] [50] - Post-processing PropertySource instances
[2024-02-16 03:45:29] [INFO ] [restartedMain] [com.ulisesbocchio.jasyptspringboot.EncryptablePropertySourceConverter] [39] - Converting PropertySource configurationProperties [org.springframework.boot.context.properties.source.ConfigurationPropertySourcesPropertySource] to AOP Proxy
[2024-02-16 03:45:29] [INFO ] [restartedMain] [com.ulisesbocchio.jasyptspringboot.EncryptablePropertySourceConverter] [39] - Converting PropertySource servletConfigInitParams [org.springframework.core.env.PropertySource$StubPropertySource] to EncryptablePropertySourceWrapper
[2024-02-16 03:45:29] [INFO ] [restartedMain] [com.ulisesbocchio.jasyptspringboot.EncryptablePropertySourceConverter] [39] - Converting PropertySource servletContextInitParams [org.springframework.core.env.PropertySource$StubPropertySource] to EncryptablePropertySourceWrapper
[2024-02-16 03:45:29] [INFO ] [restartedMain] [com.ulisesbocchio.jasyptspringboot.EncryptablePropertySourceConverter] [39] - Converting PropertySource systemProperties [org.springframework.core.env.PropertiesPropertySource] to EncryptableMapPropertySourceWrapper
[2024-02-16 03:45:29] [INFO ] [restartedMain] [com.ulisesbocchio.jasyptspringboot.EncryptablePropertySourceConverter] [39] - Converting PropertySource systemEnvironment [org.springframework.boot.env.SystemEnvironmentPropertySourceEnvironmentPostProcessor$OriginAwareSystemEnvironmentPropertySource] to EncryptableMapPropertySourceWrapper
[2024-02-16 03:45:29] [INFO ] [restartedMain] [com.ulisesbocchio.jasyptspringboot.EncryptablePropertySourceConverter] [39] - Converting PropertySource random [org.springframework.boot.env.RandomValuePropertySource] to EncryptablePropertySourceWrapper
[2024-02-16 03:45:29] [INFO ] [restartedMain] [com.ulisesbocchio.jasyptspringboot.EncryptablePropertySourceConverter] [39] - Converting PropertySource applicationConfig: [classpath:/application.properties] [org.springframework.boot.env.OriginTrackedMapPropertySource] to EncryptableMapPropertySourceWrapper
[2024-02-16 03:45:29] [INFO ] [restartedMain] [com.ulisesbocchio.jasyptspringboot.EncryptablePropertySourceConverter] [39] - Converting PropertySource applicationConfig: [classpath:/application.yml] [org.springframework.boot.env.OriginTrackedMapPropertySource] to EncryptableMapPropertySourceWrapper
[2024-02-16 03:45:29] [INFO ] [restartedMain] [com.ulisesbocchio.jasyptspringboot.EncryptablePropertySourceConverter] [39] - Converting PropertySource devtools [org.springframework.core.env.MapPropertySource] to EncryptableMapPropertySourceWrapper
[2024-02-16 03:45:29] [INFO ] [restartedMain] [com.ulisesbocchio.jasyptspringboot.EncryptablePropertySourceConverter] [39] - Converting PropertySource class path resource [persistence.properties] [org.springframework.core.env.CompositePropertySource] to EncryptableEnumerablePropertySourceWrapper
[2024-02-16 03:45:29] [INFO ] [restartedMain] [com.ulisesbocchio.jasyptspringboot.filter.DefaultLazyPropertyFilter] [31] - Property Filter custom Bean not found with name 'encryptablePropertyFilter'. Initializing Default Property Filter
[2024-02-16 03:45:30] [INFO ] [restartedMain] [com.ulisesbocchio.jasyptspringboot.resolver.DefaultLazyPropertyResolver] [31] - Property Resolver custom Bean not found with name 'encryptablePropertyResolver'. Initializing Default Property Resolver
[2024-02-16 03:45:30] [INFO ] [restartedMain] [com.ulisesbocchio.jasyptspringboot.detector.DefaultLazyPropertyDetector] [30] - Property Detector custom Bean not found with name 'encryptablePropertyDetector'. Initializing Default Property Detector
[2024-02-16 03:45:32] [INFO ] [restartedMain] [org.springframework.boot.web.embedded.tomcat.TomcatWebServer] [92] - Tomcat initialized with port(s): 8443 (https)
[2024-02-16 03:45:32] [INFO ] [restartedMain] [org.apache.juli.logging.DirectJDKLog] [173] - Initializing ProtocolHandler ["https-jsse-nio-8443"]
[2024-02-16 03:45:32] [INFO ] [restartedMain] [org.apache.juli.logging.DirectJDKLog] [173] - Starting service [Tomcat]
[2024-02-16 03:45:32] [INFO ] [restartedMain] [org.apache.juli.logging.DirectJDKLog] [173] - Starting Servlet engine: [Apache Tomcat/9.0.33]
[2024-02-16 03:45:33] [INFO ] [restartedMain] [org.apache.juli.logging.DirectJDKLog] [173] - Initializing Spring embedded WebApplicationContext
[2024-02-16 03:45:33] [INFO ] [restartedMain] [org.springframework.boot.web.servlet.context.ServletWebServerApplicationContext] [284] - Root WebApplicationContext: initialization completed in 11274 ms
[2024-02-16 03:45:33] [INFO ] [restartedMain] [com.ulisesbocchio.jasyptspringboot.encryptor.DefaultLazyEncryptor] [34] - String Encryptor custom Bean not found with name 'jasyptStringEncryptor'. Initializing Default String Encryptor
[2024-02-16 03:45:33] [INFO ] [restartedMain] [com.ulisesbocchio.jasyptspringboot.encryptor.DefaultLazyEncryptor] [88] - Encryptor config not found for property jasypt.encryptor.algorithm, using default value: PBEWithMD5AndDES
[2024-02-16 03:45:33] [INFO ] [restartedMain] [com.ulisesbocchio.jasyptspringboot.encryptor.DefaultLazyEncryptor] [88] - Encryptor config not found for property jasypt.encryptor.keyObtentionIterations, using default value: 1000
[2024-02-16 03:45:33] [INFO ] [restartedMain] [com.ulisesbocchio.jasyptspringboot.encryptor.DefaultLazyEncryptor] [88] - Encryptor config not found for property jasypt.encryptor.poolSize, using default value: 1
[2024-02-16 03:45:33] [INFO ] [restartedMain] [com.ulisesbocchio.jasyptspringboot.encryptor.DefaultLazyEncryptor] [88] - Encryptor config not found for property jasypt.encryptor.providerName, using default value: null
[2024-02-16 03:45:33] [INFO ] [restartedMain] [com.ulisesbocchio.jasyptspringboot.encryptor.DefaultLazyEncryptor] [88] - Encryptor config not found for property jasypt.encryptor.providerClassName, using default value: null
[2024-02-16 03:45:33] [INFO ] [restartedMain] [com.ulisesbocchio.jasyptspringboot.encryptor.DefaultLazyEncryptor] [88] - Encryptor config not found for property jasypt.encryptor.saltGeneratorClassname, using default value: org.jasypt.salt.RandomSaltGenerator
[2024-02-16 03:45:33] [INFO ] [restartedMain] [com.ulisesbocchio.jasyptspringboot.encryptor.DefaultLazyEncryptor] [88] - Encryptor config not found for property jasypt.encryptor.ivGeneratorClassname, using default value: org.jasypt.salt.NoOpIVGenerator
[2024-02-16 03:45:33] [INFO ] [restartedMain] [com.ulisesbocchio.jasyptspringboot.encryptor.DefaultLazyEncryptor] [88] - Encryptor config not found for property jasypt.encryptor.stringOutputType, using default value: base64
[2024-02-16 03:45:34] [INFO ] [restartedMain] [org.hibernate.jpa.internal.util.LogHelper] [31] - HHH000204: Processing PersistenceUnitInfo [name: default]
[2024-02-16 03:45:35] [INFO ] [restartedMain] [org.hibernate.Version] [44] - HHH000412: Hibernate ORM core version 5.4.12.Final
[2024-02-16 03:45:36] [INFO ] [restartedMain] [org.hibernate.annotations.common.reflection.java.JavaReflectionManager] [49] - HCANN000001: Hibernate Commons Annotations {5.1.0.Final}
[2024-02-16 03:45:37] [INFO ] [restartedMain] [com.zaxxer.hikari.HikariDataSource] [110] - HikariPool-1 - Starting...
[2024-02-16 03:45:39] [INFO ] [restartedMain] [com.zaxxer.hikari.pool.PoolBase] [531] - HikariPool-1 - Driver does not support get/set network timeout for connections. (null)
[2024-02-16 03:45:39] [INFO ] [restartedMain] [com.zaxxer.hikari.HikariDataSource] [123] - HikariPool-1 - Start completed.
[2024-02-16 03:45:39] [INFO ] [restartedMain] [org.hibernate.dialect.Dialect] [172] - HHH000400: Using dialect: org.hibernate.dialect.SQLServer2012Dialect
[2024-02-16 03:45:44] [INFO ] [restartedMain] [org.hibernate.engine.transaction.jta.platform.internal.JtaPlatformInitiator] [52] - HHH000490: Using JtaPlatform implementation: [org.hibernate.engine.transaction.jta.platform.internal.NoJtaPlatform]
[2024-02-16 03:45:44] [INFO ] [restartedMain] [org.springframework.orm.jpa.AbstractEntityManagerFactoryBean] [416] - Initialized JPA EntityManagerFactory for persistence unit 'default'
[2024-02-16 03:45:44] [INFO ] [restartedMain] [org.hibernate.jpa.internal.util.LogHelper] [31] - HHH000204: Processing PersistenceUnitInfo [name: default]
[2024-02-16 03:45:44] [INFO ] [restartedMain] [com.zaxxer.hikari.HikariDataSource] [110] - HikariPool-2 - Starting...
[2024-02-16 03:45:46] [INFO ] [restartedMain] [com.zaxxer.hikari.pool.PoolBase] [531] - HikariPool-2 - Driver does not support get/set network timeout for connections. (null)
[2024-02-16 03:45:46] [INFO ] [restartedMain] [com.zaxxer.hikari.HikariDataSource] [123] - HikariPool-2 - Start completed.
[2024-02-16 03:45:46] [INFO ] [restartedMain] [org.hibernate.dialect.Dialect] [172] - HHH000400: Using dialect: org.hibernate.dialect.SQLServer2012Dialect
[2024-02-16 03:45:49] [INFO ] [restartedMain] [org.hibernate.engine.transaction.jta.platform.internal.JtaPlatformInitiator] [52] - HHH000490: Using JtaPlatform implementation: [org.hibernate.engine.transaction.jta.platform.internal.NoJtaPlatform]
[2024-02-16 03:45:49] [INFO ] [restartedMain] [org.springframework.orm.jpa.AbstractEntityManagerFactoryBean] [416] - Initialized JPA EntityManagerFactory for persistence unit 'default'
[2024-02-16 03:46:01] [INFO ] [restartedMain] [org.springframework.scheduling.concurrent.ExecutorConfigurationSupport] [181] - Initializing ExecutorService
[2024-02-16 03:46:01] [INFO ] [restartedMain] [org.springframework.scheduling.concurrent.ExecutorConfigurationSupport] [181] - Initializing ExecutorService 'taskReportExecutor'
[2024-02-16 03:46:01] [INFO ] [restartedMain] [org.springframework.scheduling.concurrent.ExecutorConfigurationSupport] [181] - Initializing ExecutorService
[2024-02-16 03:46:01] [INFO ] [restartedMain] [org.springframework.scheduling.concurrent.ExecutorConfigurationSupport] [181] - Initializing ExecutorService 'taskExecutor'
[2024-02-16 03:46:02] [INFO ] [restartedMain] [org.springframework.scheduling.concurrent.ExecutorConfigurationSupport] [181] - Initializing ExecutorService 'clientInboundChannelExecutor'
[2024-02-16 03:46:02] [INFO ] [restartedMain] [org.springframework.scheduling.concurrent.ExecutorConfigurationSupport] [181] - Initializing ExecutorService 'clientOutboundChannelExecutor'
[2024-02-16 03:46:05] [INFO ] [restartedMain] [org.springframework.security.web.DefaultSecurityFilterChain] [43] - Creating filter chain: Ant [pattern='/css/**'], []
[2024-02-16 03:46:05] [INFO ] [restartedMain] [org.springframework.security.web.DefaultSecurityFilterChain] [43] - Creating filter chain: Ant [pattern='/js/**'], []
[2024-02-16 03:46:05] [INFO ] [restartedMain] [org.springframework.security.web.DefaultSecurityFilterChain] [43] - Creating filter chain: Ant [pattern='/webfonts/**'], []
[2024-02-16 03:46:05] [INFO ] [restartedMain] [org.springframework.security.web.DefaultSecurityFilterChain] [43] - Creating filter chain: any request, [org.springframework.security.web.context.request.async.WebAsyncManagerIntegrationFilter@28fced3d, org.springframework.security.web.context.SecurityContextPersistenceFilter@4015860f, org.springframework.security.web.header.HeaderWriterFilter@19237aba, org.springframework.security.web.csrf.CsrfFilter@1dc8a5f8, org.springframework.security.web.authentication.logout.LogoutFilter@3dc2aab5, org.springframework.security.web.authentication.UsernamePasswordAuthenticationFilter@7111606d, com.consiliuminc.sras.filters.CsrfFilter@5294e247, com.consiliuminc.sras.filters.AuthorizationFilter@1b97e69c, org.springframework.security.web.savedrequest.RequestCacheAwareFilter@4e7fce1b, org.springframework.security.web.servletapi.SecurityContextHolderAwareRequestFilter@4c4fb3bf, org.springframework.security.web.authentication.AnonymousAuthenticationFilter@796bd775, org.springframework.security.web.session.SessionManagementFilter@689b88fa, org.springframework.security.web.access.ExceptionTranslationFilter@4973bb88, org.springframework.security.web.access.intercept.FilterSecurityInterceptor@22987a23]
[2024-02-16 03:46:06] [INFO ] [restartedMain] [org.springframework.scheduling.concurrent.ExecutorConfigurationSupport] [181] - Initializing ExecutorService 'messageBrokerTaskScheduler'
[2024-02-16 03:46:06] [INFO ] [restartedMain] [org.springframework.scheduling.concurrent.ExecutorConfigurationSupport] [181] - Initializing ExecutorService 'brokerChannelExecutor'
[2024-02-16 03:46:09] [INFO ] [restartedMain] [org.springframework.boot.devtools.autoconfigure.OptionalLiveReloadServer] [58] - LiveReload server is running on port 35729
[2024-02-16 03:46:09] [INFO ] [restartedMain] [org.springframework.core.log.CompositeLog] [137] - Starting...
[2024-02-16 03:46:09] [INFO ] [restartedMain] [org.springframework.core.log.CompositeLog] [137] - BrokerAvailabilityEvent[available=true, SimpleBrokerMessageHandler [DefaultSubscriptionRegistry[cache[0 destination(s)], registry[0 sessions]]]]
[2024-02-16 03:46:09] [INFO ] [restartedMain] [org.springframework.core.log.CompositeLog] [137] - Started.
[2024-02-16 03:46:09] [INFO ] [restartedMain] [org.apache.juli.logging.DirectJDKLog] [173] - Starting ProtocolHandler ["https-jsse-nio-8443"]
[2024-02-16 03:46:09] [INFO ] [MessageBroker-1] [com.consiliuminc.sras.service.PsttRecognizedResultTaskService] [62] - 當前活動線程數=0 ,線程處理隊列長度=0
[2024-02-16 03:46:10] [INFO ] [restartedMain] [org.springframework.boot.web.embedded.tomcat.TomcatWebServer] [204] - Tomcat started on port(s): 8443 (https) with context path '/SRAS'
[2024-02-16 03:46:10] [INFO ] [restartedMain] [org.springframework.boot.StartupInfoLogger] [61] - Started SrasApplication in 51.373 seconds (JVM running for 55.95)
[2024-02-16 03:46:11] [INFO ] [https-jsse-nio-8443-exec-7] [org.apache.juli.logging.DirectJDKLog] [173] - Initializing Spring DispatcherServlet 'dispatcherServlet'
[2024-02-16 03:46:11] [INFO ] [https-jsse-nio-8443-exec-7] [org.springframework.web.servlet.FrameworkServlet] [525] - Initializing Servlet 'dispatcherServlet'
[2024-02-16 03:46:11] [INFO ] [https-jsse-nio-8443-exec-7] [org.springframework.web.servlet.FrameworkServlet] [547] - Completed initialization in 52 ms
[2024-02-16 03:46:29] [WARN ] [https-jsse-nio-8443-exec-3] [nz.net.ultraq.thymeleaf.decorators.DecoratorProcessor] [74] - The layout:decorator/data-layout-decorator processor has been deprecated and will be removed in the next major version of the layout dialect.  Please use layout:decorate/data-layout-decorate instead to future-proof your code.  See https://github.com/ultraq/thymeleaf-layout-dialect/issues/95 for more information.
[2024-02-16 03:46:29] [WARN ] [https-jsse-nio-8443-exec-3] [nz.net.ultraq.thymeleaf.expressions.ExpressionProcessor] [75] - Fragment expression "fragments/layout" is being wrapped as a Thymeleaf 3 fragment expression (~{...}) for backwards compatibility purposes.  This wrapping will be dropped in the next major version of the expression processor, so please rewrite as a Thymeleaf 3 fragment expression to future-proof your code.  See https://github.com/thymeleaf/thymeleaf/issues/451 for more information.
[2024-02-16 03:46:34] [ERROR] [https-jsse-nio-8443-exec-5] [com.consiliuminc.sras.controllers.Error2Controller] [72] - Error Message =404 returned  /SRAS/css/bootstrap.min.css.map with message Not Found 
[2024-02-16 03:46:34] [ERROR] [https-jsse-nio-8443-exec-9] [com.consiliuminc.sras.controllers.Error2Controller] [72] - Error Message =404 returned  /SRAS/js/lib/sockjs.min.js.map with message Not Found 
[2024-02-16 03:46:34] [INFO ] [https-jsse-nio-8443-exec-2] [com.consiliuminc.sras.interceptors.HttpSessionIdHandshakeInterceptor] [20] - Handshake interceptor called!!
[2024-02-16 03:46:34] [INFO ] [https-jsse-nio-8443-exec-2] [com.consiliuminc.sras.interceptors.HttpSessionIdHandshakeInterceptor] [24] - 434BBAA273F185E96347B3B7E2F9154B
[2024-02-16 03:46:39] [INFO ] [MessageBroker-2] [com.consiliuminc.sras.service.PsttRecognizedResultTaskService] [62] - 當前活動線程數=0 ,線程處理隊列長度=0
[2024-02-16 03:46:43] [INFO ] [SpringContextShutdownHook] [org.springframework.core.log.CompositeLog] [137] - Stopping...
[2024-02-16 03:46:43] [INFO ] [SpringContextShutdownHook] [org.springframework.core.log.CompositeLog] [137] - BrokerAvailabilityEvent[available=false, SimpleBrokerMessageHandler [DefaultSubscriptionRegistry[cache[0 destination(s)], registry[1 sessions]]]]
[2024-02-16 03:46:43] [INFO ] [SpringContextShutdownHook] [org.springframework.core.log.CompositeLog] [137] - Stopped.
[2024-02-16 03:46:43] [INFO ] [SpringContextShutdownHook] [org.springframework.scheduling.concurrent.ExecutorConfigurationSupport] [218] - Shutting down ExecutorService 'brokerChannelExecutor'
[2024-02-16 03:46:43] [INFO ] [SpringContextShutdownHook] [org.springframework.scheduling.concurrent.ExecutorConfigurationSupport] [218] - Shutting down ExecutorService 'messageBrokerTaskScheduler'
[2024-02-16 03:46:43] [INFO ] [SpringContextShutdownHook] [org.springframework.scheduling.concurrent.ExecutorConfigurationSupport] [218] - Shutting down ExecutorService 'clientOutboundChannelExecutor'
[2024-02-16 03:46:43] [INFO ] [SpringContextShutdownHook] [org.springframework.scheduling.concurrent.ExecutorConfigurationSupport] [218] - Shutting down ExecutorService 'clientInboundChannelExecutor'
[2024-02-16 03:46:43] [INFO ] [SpringContextShutdownHook] [org.springframework.scheduling.concurrent.ExecutorConfigurationSupport] [218] - Shutting down ExecutorService 'taskExecutor'
[2024-02-16 03:46:43] [INFO ] [SpringContextShutdownHook] [org.springframework.scheduling.concurrent.ExecutorConfigurationSupport] [218] - Shutting down ExecutorService 'taskReportExecutor'
[2024-02-16 03:46:43] [INFO ] [SpringContextShutdownHook] [org.springframework.orm.jpa.AbstractEntityManagerFactoryBean] [598] - Closing JPA EntityManagerFactory for persistence unit 'default'
[2024-02-16 03:46:43] [INFO ] [SpringContextShutdownHook] [org.springframework.orm.jpa.AbstractEntityManagerFactoryBean] [598] - Closing JPA EntityManagerFactory for persistence unit 'default'
[2024-02-16 03:46:43] [INFO ] [SpringContextShutdownHook] [com.zaxxer.hikari.HikariDataSource] [350] - HikariPool-1 - Shutdown initiated...
[2024-02-16 03:46:43] [INFO ] [SpringContextShutdownHook] [com.zaxxer.hikari.HikariDataSource] [352] - HikariPool-1 - Shutdown completed.
[2024-02-16 03:46:43] [INFO ] [SpringContextShutdownHook] [com.zaxxer.hikari.HikariDataSource] [350] - HikariPool-2 - Shutdown initiated...
[2024-02-16 03:46:43] [INFO ] [SpringContextShutdownHook] [com.zaxxer.hikari.HikariDataSource] [352] - HikariPool-2 - Shutdown completed.
